#
# There is insufficient memory for the Java Runtime Environment to continue.
# Native memory allocation (malloc) failed to allocate 138412032 bytes for committing reserved memory.
# Possible reasons:
#   The system is out of physical RAM or swap space
#   In 32 bit mode, the process size limit was hit
# Possible solutions:
#   Reduce memory load on the system
#   Increase physical memory or swap space
#   Check if swap backing store is full
#   Use 64 bit Java on a 64 bit OS
#   Decrease Java heap size (-Xmx/-Xms)
#   Decrease number of Java threads
#   Decrease Java thread stack sizes (-Xss)
#   Set larger code cache with -XX:ReservedCodeCacheSize=
# This output file may be truncated or incomplete.
#
#  Out of Memory Error (os_linux.cpp:2756), pid=22067, tid=140503761798912
#
# JRE version: Java(TM) SE Runtime Environment (7.0_76-b13) (build 1.7.0_76-b13)
# Java VM: Java HotSpot(TM) 64-Bit Server VM (24.76-b04 mixed mode linux-amd64 compressed oops)
# Failed to write core dump. Core dumps have been disabled. To enable core dumping, try "ulimit -c unlimited" before starting Java again
#

---------------  T H R E A D  ---------------

Current thread (0x00007fc99824a800):  VMThread [stack: 0x00007fc994bfc000,0x00007fc994cfd000] [id=22076]

Stack: [0x00007fc994bfc000,0x00007fc994cfd000],  sp=0x00007fc994cfafc0,  free space=1019k
Native frames: (J=compiled Java code, j=interpreted, Vv=VM code, C=native code)
V  [libjvm.so+0x9a32ba]  VMError::report_and_die()+0x2ea
V  [libjvm.so+0x497f7b]  report_vm_out_of_memory(char const*, int, unsigned long, char const*)+0x9b
V  [libjvm.so+0x81fcce]  os::Linux::commit_memory_impl(char*, unsigned long, bool)+0xfe
V  [libjvm.so+0x820219]  os::pd_commit_memory(char*, unsigned long, unsigned long, bool)+0x29
V  [libjvm.so+0x819faa]  os::commit_memory(char*, unsigned long, unsigned long, bool)+0x2a
V  [libjvm.so+0x88d843]  PSVirtualSpace::expand_by(unsigned long)+0x53
V  [libjvm.so+0x88ec18]  PSYoungGen::resize_generation(unsigned long, unsigned long)+0xf8
V  [libjvm.so+0x88dd82]  PSYoungGen::resize(unsigned long, unsigned long)+0x22
V  [libjvm.so+0x88b13d]  PSScavenge::invoke_no_policy()+0xf3d
V  [libjvm.so+0x88b981]  PSScavenge::invoke()+0x41
V  [libjvm.so+0x842300]  ParallelScavengeHeap::failed_mem_allocate(unsigned long)+0x70
V  [libjvm.so+0x9a4b47]  VM_ParallelGCFailedAllocation::doit()+0x97
V  [libjvm.so+0x9abfe5]  VM_Operation::evaluate()+0x55
V  [libjvm.so+0x9aa3aa]  VMThread::evaluate_operation(VM_Operation*)+0xba
V  [libjvm.so+0x9aa72e]  VMThread::loop()+0x1ce
V  [libjvm.so+0x9aaba0]  VMThread::run()+0x70
V  [libjvm.so+0x821ca8]  java_start(Thread*)+0x108

VM_Operation (0x00007fc955f91c50): ParallelGCFailedAllocation, mode: safepoint, requested by thread 0x00007fc998687000


---------------  P R O C E S S  ---------------

Java Threads: ( => current thread )
  0x00007fc99868b800 JavaThread "pool-5-thread-4" [_thread_blocked, id=22099, stack(0x00007fc955809000,0x00007fc95590a000)]
  0x00007fc998689800 JavaThread "pool-5-thread-3" [_thread_blocked, id=22098, stack(0x00007fc95590a000,0x00007fc955a0b000)]
  0x00007fc998688000 JavaThread "pool-5-thread-2" [_thread_blocked, id=22097, stack(0x00007fc955a0b000,0x00007fc955b0c000)]
  0x00007fc998687000 JavaThread "pool-5-thread-1" [_thread_blocked, id=22096, stack(0x00007fc955e93000,0x00007fc955f94000)]
  0x00007fc938054000 JavaThread "TimerQueue" daemon [_thread_blocked, id=22094, stack(0x00007fc955d16000,0x00007fc955e17000)]
  0x00007fc99853c000 JavaThread "pool-3-thread-1" [_thread_blocked, id=22093, stack(0x00007fc9577e8000,0x00007fc9578e9000)]
  0x00007fc9984b8000 JavaThread "AWT-EventQueue-0" [_thread_blocked, id=22092, stack(0x00007fc95671e000,0x00007fc95681f000)]
  0x00007fc9984b7800 JavaThread "AWT-Shutdown" [_thread_blocked, id=22091, stack(0x00007fc95681f000,0x00007fc956920000)]
  0x00007fc998431800 JavaThread "process reaper" daemon [_thread_blocked, id=22089, stack(0x00007fc99c009000,0x00007fc99c042000)]
  0x00007fc9983d0000 JavaThread "AWT-XAWT" daemon [_thread_in_native, id=22087, stack(0x00007fc9578e9000,0x00007fc9579ea000)]
  0x00007fc9983b0000 JavaThread "Java2D Disposer" daemon [_thread_blocked, id=22086, stack(0x00007fc98c0ef000,0x00007fc98c1f0000)]
  0x00007fc99835f800 JavaThread "File Watcher" [_thread_blocked, id=22085, stack(0x00007fc98d6a1000,0x00007fc98d7a2000)]
  0x00007fc99835e000 JavaThread "Thread-0" daemon [_thread_in_native, id=22084, stack(0x00007fc98d7a2000,0x00007fc98d8a3000)]
  0x00007fc99827a000 JavaThread "Service Thread" daemon [_thread_blocked, id=22082, stack(0x00007fc98de4f000,0x00007fc98df50000)]
  0x00007fc998278000 JavaThread "C2 CompilerThread1" daemon [_thread_blocked, id=22081, stack(0x00007fc994015000,0x00007fc994116000)]
  0x00007fc998275000 JavaThread "C2 CompilerThread0" daemon [_thread_blocked, id=22080, stack(0x00007fc994116000,0x00007fc994217000)]
  0x00007fc998273000 JavaThread "Signal Dispatcher" daemon [_thread_blocked, id=22079, stack(0x00007fc994217000,0x00007fc994318000)]
  0x00007fc998251000 JavaThread "Finalizer" daemon [_thread_blocked, id=22078, stack(0x00007fc9949fa000,0x00007fc994afb000)]
  0x00007fc99824f000 JavaThread "Reference Handler" daemon [_thread_blocked, id=22077, stack(0x00007fc994afb000,0x00007fc994bfc000)]
  0x00007fc998009800 JavaThread "main" [_thread_blocked, id=22071, stack(0x00007fc9a04a4000,0x00007fc9a05a5000)]

Other Threads:
=>0x00007fc99824a800 VMThread [stack: 0x00007fc994bfc000,0x00007fc994cfd000] [id=22076]
  0x00007fc998285000 WatcherThread [stack: 0x00007fc98dd4e000,0x00007fc98de4f000] [id=22083]

VM state:at safepoint (normal execution)

VM Mutex/Monitor currently owned by a thread:  ([mutex/lock_event])
[0x00007fc998006040] Threads_lock - owner thread: 0x00007fc99824a800
[0x00007fc998006540] Heap_lock - owner thread: 0x00007fc998687000

Heap
 PSYoungGen      total 138240K, used 11253K [0x00000000ebe80000, 0x00000000f5080000, 0x0000000100000000)
  eden space 126976K, 0% used [0x00000000ebe80000,0x00000000ebe80000,0x00000000f3a80000)
  from space 11264K, 99% used [0x00000000f3a80000,0x00000000f457d478,0x00000000f4580000)
  to   space 11264K, 0% used [0x00000000f4580000,0x00000000f4580000,0x00000000f5080000)
 ParOldGen       total 40960K, used 21882K [0x00000000c3c00000, 0x00000000c6400000, 0x00000000ebe80000)
  object space 40960K, 53% used [0x00000000c3c00000,0x00000000c515e920,0x00000000c6400000)
 PSPermGen       total 26624K, used 26278K [0x00000000bea00000, 0x00000000c0400000, 0x00000000c3c00000)
  object space 26624K, 98% used [0x00000000bea00000,0x00000000c03a98c8,0x00000000c0400000)

Card table byte_map: [0x00007fc99d587000,0x00007fc99d793000] byte_map_base: 0x00007fc99cf92000

Polling page: 0x00007fc9a05c8000

Code Cache  [0x00007fc995000000, 0x00007fc995270000, 0x00007fc998000000)
 total_blobs=1112 nmethods=496 adapters=569 free_code_cache=47137Kb largest_free_block=48189568

Compilation events (10 events):
Event: 10,081 Thread 0x00007fc998278000 nmethod 550 0x00007fc9951d8cd0 code [0x00007fc9951d8e40, 0x00007fc9951d9398]
Event: 10,081 Thread 0x00007fc998278000  551             com.sun.org.apache.xerces.internal.util.XMLAttributesImpl::checkDuplicatesNS (278 bytes)
Event: 10,133 Thread 0x00007fc998278000 nmethod 551 0x00007fc9951dce50 code [0x00007fc9951dcfe0, 0x00007fc9951dd3d8]
Event: 10,133 Thread 0x00007fc998278000  552             sun.awt.image.ImageRepresentation::convertToRGB (294 bytes)
Event: 10,656 Thread 0x00007fc998278000 nmethod 552 0x00007fc9951f8990 code [0x00007fc9951f8ce0, 0x00007fc9951fa7f8]
Event: 10,660 Thread 0x00007fc998275000 nmethod 540 0x00007fc9951fca10 code [0x00007fc9951fd4e0, 0x00007fc995203150]
Event: 10,668 Thread 0x00007fc998278000  554             org.openstreetmap.josm.gui.mappaint.mapcss.parsergen.MapCSSParser::pp_w1 (155 bytes)
Event: 10,668 Thread 0x00007fc998275000  553             java.nio.Buffer::flip (20 bytes)
Event: 10,779 Thread 0x00007fc998275000 nmethod 553 0x00007fc9951d8ad0 code [0x00007fc9951d8c00, 0x00007fc9951d8c58]
Event: 10,779 Thread 0x00007fc998275000  555             com.sun.org.apache.xerces.internal.util.AugmentationsImpl$SmallContainer::clear (41 bytes)

GC Heap History (10 events):
Event: 1,552 GC heap after
Heap after GC invocations=2 (full 0):
 PSYoungGen      total 34304K, used 2532K [0x00000000ebe80000, 0x00000000ee280000, 0x0000000100000000)
  eden space 31744K, 0% used [0x00000000ebe80000,0x00000000ebe80000,0x00000000edd80000)
  from space 2560K, 98% used [0x00000000ee000000,0x00000000ee279390,0x00000000ee280000)
  to   space 2560K, 0% used [0x00000000edd80000,0x00000000edd80000,0x00000000ee000000)
 ParOldGen       total 40960K, used 7216K [0x00000000c3c00000, 0x00000000c6400000, 0x00000000ebe80000)
  object space 40960K, 17% used [0x00000000c3c00000,0x00000000c430c3f0,0x00000000c6400000)
 PSPermGen       total 21504K, used 9801K [0x00000000bea00000, 0x00000000bff00000, 0x00000000c3c00000)
  object space 21504K, 45% used [0x00000000bea00000,0x00000000bf392788,0x00000000bff00000)
}
Event: 3,396 GC heap before
{Heap before GC invocations=3 (full 0):
 PSYoungGen      total 34304K, used 34276K [0x00000000ebe80000, 0x00000000ee280000, 0x0000000100000000)
  eden space 31744K, 100% used [0x00000000ebe80000,0x00000000edd80000,0x00000000edd80000)
  from space 2560K, 98% used [0x00000000ee000000,0x00000000ee279390,0x00000000ee280000)
  to   space 2560K, 0% used [0x00000000edd80000,0x00000000edd80000,0x00000000ee000000)
 ParOldGen       total 40960K, used 7216K [0x00000000c3c00000, 0x00000000c6400000, 0x00000000ebe80000)
  object space 40960K, 17% used [0x00000000c3c00000,0x00000000c430c3f0,0x00000000c6400000)
 PSPermGen       total 21504K, used 14286K [0x00000000bea00000, 0x00000000bff00000, 0x00000000c3c00000)
  object space 21504K, 66% used [0x00000000bea00000,0x00000000bf7f3898,0x00000000bff00000)
Event: 3,408 GC heap after
Heap after GC invocations=3 (full 0):
 PSYoungGen      total 34304K, used 2535K [0x00000000ebe80000, 0x00000000f0180000, 0x0000000100000000)
  eden space 31744K, 0% used [0x00000000ebe80000,0x00000000ebe80000,0x00000000edd80000)
  from space 2560K, 99% used [0x00000000edd80000,0x00000000edff9c00,0x00000000ee000000)
  to   space 2560K, 0% used [0x00000000eff00000,0x00000000eff00000,0x00000000f0180000)
 ParOldGen       total 40960K, used 14929K [0x00000000c3c00000, 0x00000000c6400000, 0x00000000ebe80000)
  object space 40960K, 36% used [0x00000000c3c00000,0x00000000c4a94708,0x00000000c6400000)
 PSPermGen       total 21504K, used 14286K [0x00000000bea00000, 0x00000000bff00000, 0x00000000c3c00000)
  object space 21504K, 66% used [0x00000000bea00000,0x00000000bf7f3898,0x00000000bff00000)
}
Event: 4,472 GC heap before
{Heap before GC invocations=4 (full 0):
 PSYoungGen      total 34304K, used 34273K [0x00000000ebe80000, 0x00000000f0180000, 0x0000000100000000)
  eden space 31744K, 99% used [0x00000000ebe80000,0x00000000edd7eb00,0x00000000edd80000)
  from space 2560K, 99% used [0x00000000edd80000,0x00000000edff9c00,0x00000000ee000000)
  to   space 2560K, 0% used [0x00000000eff00000,0x00000000eff00000,0x00000000f0180000)
 ParOldGen       total 40960K, used 14929K [0x00000000c3c00000, 0x00000000c6400000, 0x00000000ebe80000)
  object space 40960K, 36% used [0x00000000c3c00000,0x00000000c4a94708,0x00000000c6400000)
 PSPermGen       total 21504K, used 17926K [0x00000000bea00000, 0x00000000bff00000, 0x00000000c3c00000)
  object space 21504K, 83% used [0x00000000bea00000,0x00000000bfb81a48,0x00000000bff00000)
Event: 4,494 GC heap after
Heap after GC invocations=4 (full 0):
 PSYoungGen      total 66048K, used 2546K [0x00000000ebe80000, 0x00000000f0180000, 0x0000000100000000)
  eden space 63488K, 0% used [0x00000000ebe80000,0x00000000ebe80000,0x00000000efc80000)
  from space 2560K, 99% used [0x00000000eff00000,0x00000000f017c950,0x00000000f0180000)
  to   space 2560K, 0% used [0x00000000efc80000,0x00000000efc80000,0x00000000eff00000)
 ParOldGen       total 40960K, used 16410K [0x00000000c3c00000, 0x00000000c6400000, 0x00000000ebe80000)
  object space 40960K, 40% used [0x00000000c3c00000,0x00000000c4c06a60,0x00000000c6400000)
 PSPermGen       total 21504K, used 17926K [0x00000000bea00000, 0x00000000bff00000, 0x00000000c3c00000)
  object space 21504K, 83% used [0x00000000bea00000,0x00000000bfb81a48,0x00000000bff00000)
}
Event: 4,926 GC heap before
{Heap before GC invocations=5 (full 0):
 PSYoungGen      total 66048K, used 66034K [0x00000000ebe80000, 0x00000000f0180000, 0x0000000100000000)
  eden space 63488K, 100% used [0x00000000ebe80000,0x00000000efc80000,0x00000000efc80000)
  from space 2560K, 99% used [0x00000000eff00000,0x00000000f017c950,0x00000000f0180000)
  to   space 2560K, 0% used [0x00000000efc80000,0x00000000efc80000,0x00000000eff00000)
 ParOldGen       total 40960K, used 16410K [0x00000000c3c00000, 0x00000000c6400000, 0x00000000ebe80000)
  object space 40960K, 40% used [0x00000000c3c00000,0x00000000c4c06a60,0x00000000c6400000)
 PSPermGen       total 21504K, used 18173K [0x00000000bea00000, 0x00000000bff00000, 0x00000000c3c00000)
  object space 21504K, 84% used [0x00000000bea00000,0x00000000bfbbf628,0x00000000bff00000)
Event: 4,952 GC heap after
Heap after GC invocations=5 (full 0):
 PSYoungGen      total 66048K, used 2528K [0x00000000ebe80000, 0x00000000f5080000, 0x0000000100000000)
  eden space 63488K, 0% used [0x00000000ebe80000,0x00000000ebe80000,0x00000000efc80000)
  from space 2560K, 98% used [0x00000000efc80000,0x00000000efef81e0,0x00000000eff00000)
  to   space 11264K, 0% used [0x00000000f4580000,0x00000000f4580000,0x00000000f5080000)
 ParOldGen       total 40960K, used 17266K [0x00000000c3c00000, 0x00000000c6400000, 0x00000000ebe80000)
  object space 40960K, 42% used [0x00000000c3c00000,0x00000000c4cdca48,0x00000000c6400000)
 PSPermGen       total 21504K, used 18173K [0x00000000bea00000, 0x00000000bff00000, 0x00000000c3c00000)
  object space 21504K, 84% used [0x00000000bea00000,0x00000000bfbbf628,0x00000000bff00000)
}
Event: 5,358 GC heap before
{Heap before GC invocations=6 (full 0):
 PSYoungGen      total 66048K, used 66007K [0x00000000ebe80000, 0x00000000f5080000, 0x0000000100000000)
  eden space 63488K, 99% used [0x00000000ebe80000,0x00000000efc7da38,0x00000000efc80000)
  from space 2560K, 98% used [0x00000000efc80000,0x00000000efef81e0,0x00000000eff00000)
  to   space 11264K, 0% used [0x00000000f4580000,0x00000000f4580000,0x00000000f5080000)
 ParOldGen       total 40960K, used 17266K [0x00000000c3c00000, 0x00000000c6400000, 0x00000000ebe80000)
  object space 40960K, 42% used [0x00000000c3c00000,0x00000000c4cdca48,0x00000000c6400000)
 PSPermGen       total 21504K, used 18243K [0x00000000bea00000, 0x00000000bff00000, 0x00000000c3c00000)
  object space 21504K, 84% used [0x00000000bea00000,0x00000000bfbd0cd8,0x00000000bff00000)
Event: 5,374 GC heap after
Heap after GC invocations=6 (full 0):
 PSYoungGen      total 138240K, used 3656K [0x00000000ebe80000, 0x00000000f5080000, 0x0000000100000000)
  eden space 126976K, 0% used [0x00000000ebe80000,0x00000000ebe80000,0x00000000f3a80000)
  from space 11264K, 32% used [0x00000000f4580000,0x00000000f4912150,0x00000000f5080000)
  to   space 11264K, 0% used [0x00000000f3a80000,0x00000000f3a80000,0x00000000f4580000)
 ParOldGen       total 40960K, used 17266K [0x00000000c3c00000, 0x00000000c6400000, 0x00000000ebe80000)
  object space 40960K, 42% used [0x00000000c3c00000,0x00000000c4cdca48,0x00000000c6400000)
 PSPermGen       total 21504K, used 18243K [0x00000000bea00000, 0x00000000bff00000, 0x00000000c3c00000)
  object space 21504K, 84% used [0x00000000bea00000,0x00000000bfbd0cd8,0x00000000bff00000)
}
Event: 10,783 GC heap before
{Heap before GC invocations=7 (full 0):
 PSYoungGen      total 138240K, used 130632K [0x00000000ebe80000, 0x00000000f5080000, 0x0000000100000000)
  eden space 126976K, 100% used [0x00000000ebe80000,0x00000000f3a80000,0x00000000f3a80000)
  from space 11264K, 32% used [0x00000000f4580000,0x00000000f4912150,0x00000000f5080000)
  to   space 11264K, 0% used [0x00000000f3a80000,0x00000000f3a80000,0x00000000f4580000)
 ParOldGen       total 40960K, used 17266K [0x00000000c3c00000, 0x00000000c6400000, 0x00000000ebe80000)
  object space 40960K, 42% used [0x00000000c3c00000,0x00000000c4cdca48,0x00000000c6400000)
 PSPermGen       total 26624K, used 26278K [0x00000000bea00000, 0x00000000c0400000, 0x00000000c3c00000)
  object space 26624K, 98% used [0x00000000bea00000,0x00000000c03a98c8,0x00000000c0400000)

Deoptimization events (10 events):
Event: 6,259 Thread 0x00007fc9984b8000 Uncommon trap: reason=unreached action=reinterpret pc=0x00007fc995169e58 method=java.util.regex.Pattern.compile()V @ 271
Event: 6,576 Thread 0x00007fc998009800 Uncommon trap: reason=predicate action=maybe_recompile pc=0x00007fc99517a81c method=java.awt.image.ComponentSampleModel.getPixel(II[ILjava/awt/image/DataBuffer;)[I @ 79
Event: 7,293 Thread 0x00007fc998009800 Uncommon trap: reason=class_check action=maybe_recompile pc=0x00007fc99509e7d8 method=sun.awt.image.OffScreenImageSource.sendPixels()V @ 649
Event: 7,293 Thread 0x00007fc998009800 Uncommon trap: reason=class_check action=maybe_recompile pc=0x00007fc99517378c method=sun.awt.image.OffScreenImageSource.sendPixels()V @ 721
Event: 7,294 Thread 0x00007fc998009800 Uncommon trap: reason=class_check action=maybe_recompile pc=0x00007fc99509e7c4 method=sun.awt.image.OffScreenImageSource.sendPixels()V @ 327
Event: 7,597 Thread 0x00007fc998687000 Uncommon trap: reason=bimorphic action=maybe_recompile pc=0x00007fc99516bbe0 method=java.util.regex.Pattern$CharProperty.match(Ljava/util/regex/Matcher;ILjava/lang/CharSequence;)Z @ 37
Event: 7,848 Thread 0x00007fc998689800 Uncommon trap: reason=class_check action=maybe_recompile pc=0x00007fc99509e7d8 method=sun.awt.image.OffScreenImageSource.sendPixels()V @ 649
Event: 7,848 Thread 0x00007fc998689800 Uncommon trap: reason=class_check action=maybe_recompile pc=0x00007fc99517378c method=sun.awt.image.OffScreenImageSource.sendPixels()V @ 721
Event: 7,994 Thread 0x00007fc998688000 Uncommon trap: reason=unloaded action=reinterpret pc=0x00007fc995086d90 method=java.lang.CharacterData.of(I)Ljava/lang/CharacterData; @ 116
Event: 8,883 Thread 0x00007fc99868b800 Uncommon trap: reason=unreached action=reinterpret pc=0x00007fc9951801d4 method=org.openstreetmap.josm.gui.mappaint.mapcss.parsergen.MapCSSParser.jj_ntk_f()I @ 12

Internal exceptions (10 events):
Event: 10,200 Thread 0x00007fc99868b800 Threw 0x00000000f3029bc8 at /HUDSON/workspace/7u-2-build-linux-amd64/jdk7u76/1941/hotspot/src/share/vm/prims/jvm.cpp:1304
Event: 10,237 Thread 0x00007fc99868b800 Threw 0x00000000f3032f50 at /HUDSON/workspace/7u-2-build-linux-amd64/jdk7u76/1941/hotspot/src/share/vm/prims/jvm.cpp:1304
Event: 10,257 Thread 0x00007fc99868b800 Threw 0x00000000f30543a8 at /HUDSON/workspace/7u-2-build-linux-amd64/jdk7u76/1941/hotspot/src/share/vm/prims/jvm.cpp:1304
Event: 10,260 Thread 0x00007fc99868b800 Threw 0x00000000f3057a18 at /HUDSON/workspace/7u-2-build-linux-amd64/jdk7u76/1941/hotspot/src/share/vm/prims/jvm.cpp:1304
Event: 10,263 Thread 0x00007fc99868b800 Threw 0x00000000f305a308 at /HUDSON/workspace/7u-2-build-linux-amd64/jdk7u76/1941/hotspot/src/share/vm/prims/jvm.cpp:1304
Event: 10,269 Thread 0x00007fc99868b800 Threw 0x00000000f305dce0 at /HUDSON/workspace/7u-2-build-linux-amd64/jdk7u76/1941/hotspot/src/share/vm/prims/jvm.cpp:1304
Event: 10,384 Thread 0x00007fc99868b800 Threw 0x00000000f34483e0 at /HUDSON/workspace/7u-2-build-linux-amd64/jdk7u76/1941/hotspot/src/share/vm/classfile/systemDictionary.cpp:185
Event: 10,384 Thread 0x00007fc99868b800 Threw 0x00000000f3448990 at /HUDSON/workspace/7u-2-build-linux-amd64/jdk7u76/1941/hotspot/src/share/vm/prims/jvm.cpp:1304
Event: 10,384 Thread 0x00007fc99868b800 Threw 0x00000000f3448e30 at /HUDSON/workspace/7u-2-build-linux-amd64/jdk7u76/1941/hotspot/src/share/vm/prims/jvm.cpp:1304
Event: 10,471 Thread 0x00007fc99868b800 Threw 0x00000000f3803678 at /HUDSON/workspace/7u-2-build-linux-amd64/jdk7u76/1941/hotspot/src/share/vm/prims/jvm.cpp:1304

Events (10 events):
Event: 10,269 loading class 0x00007fc92c003d10
Event: 10,269 loading class 0x00007fc92c003d10 done
Event: 10,384 loading class 0x00007fc99841a9f0
Event: 10,384 loading class 0x00007fc99841a9f0 done
Event: 10,384 loading class 0x00007fc99841a9f0
Event: 10,384 loading class 0x00007fc99841a9f0 done
Event: 10,471 loading class 0x00007fc998661790
Event: 10,471 loading class 0x00007fc998661790 done
Event: 10,778 loading class 0x00007fc99807d9a0
Event: 10,782 Executing VM operation: ParallelGCFailedAllocation


Dynamic libraries:
00400000-00401000 r-xp 00000000 fc:01 4730125                            /usr/lib/jvm/java-7-oracle/jre/bin/java
00600000-00601000 rw-p 00000000 fc:01 4730125                            /usr/lib/jvm/java-7-oracle/jre/bin/java
00ad3000-00af4000 rw-p 00000000 00:00 0                                  [heap]
bea00000-c0400000 rw-p 00000000 00:00 0 
c0400000-c3c00000 rw-p 00000000 00:00 0 
c3c00000-c6400000 rw-p 00000000 00:00 0 
c6400000-ebe80000 rw-p 00000000 00:00 0 
ebe80000-f5080000 rw-p 00000000 00:00 0 
fd480000-100000000 rw-p 00000000 00:00 0 
7fc928000000-7fc92805e000 rw-p 00000000 00:00 0 
7fc92805e000-7fc92c000000 ---p 00000000 00:00 0 
7fc92c000000-7fc92c050000 rw-p 00000000 00:00 0 
7fc92c050000-7fc930000000 ---p 00000000 00:00 0 
7fc930000000-7fc93002e000 rw-p 00000000 00:00 0 
7fc93002e000-7fc934000000 ---p 00000000 00:00 0 
7fc934000000-7fc93404d000 rw-p 00000000 00:00 0 
7fc93404d000-7fc938000000 ---p 00000000 00:00 0 
7fc938000000-7fc9380ac000 rw-p 00000000 00:00 0 
7fc9380ac000-7fc93c000000 ---p 00000000 00:00 0 
7fc93c000000-7fc93c021000 rw-p 00000000 00:00 0 
7fc93c021000-7fc940000000 ---p 00000000 00:00 0 
7fc940000000-7fc940062000 rw-p 00000000 00:00 0 
7fc940062000-7fc944000000 ---p 00000000 00:00 0 
7fc944000000-7fc944021000 rw-p 00000000 00:00 0 
7fc944021000-7fc948000000 ---p 00000000 00:00 0 
7fc948000000-7fc948021000 rw-p 00000000 00:00 0 
7fc948021000-7fc94c000000 ---p 00000000 00:00 0 
7fc94c000000-7fc94c021000 rw-p 00000000 00:00 0 
7fc94c021000-7fc950000000 ---p 00000000 00:00 0 
7fc950000000-7fc950021000 rw-p 00000000 00:00 0 
7fc950021000-7fc954000000 ---p 00000000 00:00 0 
7fc9555b2000-7fc955607000 r-xp 00000000 fc:01 4729994                    /usr/lib/jvm/java-7-oracle/jre/lib/amd64/libkcms.so
7fc955607000-7fc955807000 ---p 00055000 fc:01 4729994                    /usr/lib/jvm/java-7-oracle/jre/lib/amd64/libkcms.so
7fc955807000-7fc955809000 rw-p 00055000 fc:01 4729994                    /usr/lib/jvm/java-7-oracle/jre/lib/amd64/libkcms.so
7fc955809000-7fc95580c000 ---p 00000000 00:00 0 
7fc95580c000-7fc95590a000 rw-p 00000000 00:00 0                          [stack:22099]
7fc95590a000-7fc95590d000 ---p 00000000 00:00 0 
7fc95590d000-7fc955a0b000 rw-p 00000000 00:00 0                          [stack:22098]
7fc955a0b000-7fc955a0e000 ---p 00000000 00:00 0 
7fc955a0e000-7fc955b0c000 rw-p 00000000 00:00 0                          [stack:22097]
7fc955b0c000-7fc955b15000 r-xp 00000000 fc:01 4726714                    /usr/lib/x86_64-linux-gnu/libXrandr.so.2.2.0
7fc955b15000-7fc955d14000 ---p 00009000 fc:01 4726714                    /usr/lib/x86_64-linux-gnu/libXrandr.so.2.2.0
7fc955d14000-7fc955d15000 r--p 00008000 fc:01 4726714                    /usr/lib/x86_64-linux-gnu/libXrandr.so.2.2.0
7fc955d15000-7fc955d16000 rw-p 00009000 fc:01 4726714                    /usr/lib/x86_64-linux-gnu/libXrandr.so.2.2.0
7fc955d16000-7fc955d19000 ---p 00000000 00:00 0 
7fc955d19000-7fc955e17000 rw-p 00000000 00:00 0                          [stack:22094]
7fc955e93000-7fc955e96000 ---p 00000000 00:00 0 
7fc955e96000-7fc955f94000 rw-p 00000000 00:00 0                          [stack:22096]
7fc955f94000-7fc955fce000 r-xp 00000000 fc:01 4730001                    /usr/lib/jvm/java-7-oracle/jre/lib/amd64/libjpeg.so
7fc955fce000-7fc9561ce000 ---p 0003a000 fc:01 4730001                    /usr/lib/jvm/java-7-oracle/jre/lib/amd64/libjpeg.so
7fc9561ce000-7fc9561cf000 rw-p 0003a000 fc:01 4730001                    /usr/lib/jvm/java-7-oracle/jre/lib/amd64/libjpeg.so
7fc9561cf000-7fc956272000 rw-s 00000000 00:04 1104052318                 /SYSV00000000 (deleted)
7fc956272000-7fc9562db000 r-xp 00000000 fc:01 4730021                    /usr/lib/jvm/java-7-oracle/jre/lib/amd64/libt2k.so
7fc9562db000-7fc9564da000 ---p 00069000 fc:01 4730021                    /usr/lib/jvm/java-7-oracle/jre/lib/amd64/libt2k.so
7fc9564da000-7fc9564e1000 rw-p 00068000 fc:01 4730021                    /usr/lib/jvm/java-7-oracle/jre/lib/amd64/libt2k.so
7fc9564e1000-7fc9564f1000 rw-p 00000000 00:00 0 
7fc9564f1000-7fc95651b000 r-xp 00000000 fc:01 4729993                    /usr/lib/jvm/java-7-oracle/jre/lib/amd64/libdcpr.so
7fc95651b000-7fc95671b000 ---p 0002a000 fc:01 4729993                    /usr/lib/jvm/java-7-oracle/jre/lib/amd64/libdcpr.so
7fc95671b000-7fc95671e000 rw-p 0002a000 fc:01 4729993                    /usr/lib/jvm/java-7-oracle/jre/lib/amd64/libdcpr.so
7fc95671e000-7fc956721000 ---p 00000000 00:00 0 
7fc956721000-7fc95681f000 rw-p 00000000 00:00 0                          [stack:22092]
7fc95681f000-7fc956822000 ---p 00000000 00:00 0 
7fc956822000-7fc956920000 rw-p 00000000 00:00 0                          [stack:22091]
7fc956920000-7fc956938000 r--s 00000000 fc:01 5767903                    /usr/share/fonts/type1/gsfonts/c059036l.pfb
7fc956938000-7fc956948000 r--s 00000000 fc:01 5767870                    /usr/share/fonts/type1/gsfonts/a010013l.pfb
7fc956948000-7fc956952000 r--s 00000000 fc:01 5767975                    /usr/share/fonts/type1/mathml/Symbol.pfb
7fc956952000-7fc956966000 r--s 00000000 fc:01 5767909                    /usr/share/fonts/type1/gsfonts/n019003l.pfb
7fc956966000-7fc956981000 r--s 00000000 fc:01 5767897                    /usr/share/fonts/type1/gsfonts/c059016l.pfb
7fc956981000-7fc956998000 r--s 00000000 fc:01 5767939                    /usr/share/fonts/type1/gsfonts/n021023l.pfb
7fc956998000-7fc9569b3000 r--s 00000000 fc:01 5767960                    /usr/share/fonts/type1/gsfonts/p052004l.pfb
7fc9569b3000-7fc9569ce000 r--s 00000000 fc:01 5767957                    /usr/share/fonts/type1/gsfonts/p052003l.pfb
7fc9569ce000-7fc9569da000 r--s 00000000 fc:01 5767906                    /usr/share/fonts/type1/gsfonts/d050000l.pfb
7fc9569da000-7fc9569f5000 r--s 00000000 fc:01 5767963                    /usr/share/fonts/type1/gsfonts/p052023l.pfb
7fc9569f5000-7fc956a0d000 r--s 00000000 fc:01 5767945                    /usr/share/fonts/type1/gsfonts/n022003l.pfb
7fc956a0d000-7fc956a16000 r--s 00000000 fc:01 5767184                    /usr/share/fonts/X11/Type1/c0632bt_.pfb
7fc956a16000-7fc956a1f000 r--s 00000000 fc:01 5767969                    /usr/share/fonts/type1/gsfonts/s050000l.pfb
7fc956a1f000-7fc956a35000 r--s 00000000 fc:01 5767954                    /usr/share/fonts/type1/gsfonts/n022024l.pfb
7fc956a35000-7fc956a46000 r--s 00000000 fc:01 5767915                    /usr/share/fonts/type1/gsfonts/n019023l.pfb
7fc956a46000-7fc956a58000 r--s 00000000 fc:01 5767924                    /usr/share/fonts/type1/gsfonts/n019044l.pfb
7fc956a58000-7fc956a69000 r--s 00000000 fc:01 5767927                    /usr/share/fonts/type1/gsfonts/n019063l.pfb
7fc956a69000-7fc956a73000 r--s 00000000 fc:01 5767180                    /usr/share/fonts/X11/Type1/c0583bt_.pfb
7fc956a73000-7fc956a86000 r--s 00000000 fc:01 5767885                    /usr/share/fonts/type1/gsfonts/b018015l.pfb
7fc956a86000-7fc956aa2000 r--s 00000000 fc:01 5767966                    /usr/share/fonts/type1/gsfonts/p052024l.pfb
7fc956aa2000-7fc956ab8000 r--s 00000000 fc:01 5767951                    /usr/share/fonts/type1/gsfonts/n022023l.pfb
7fc956ab8000-7fc956ac2000 r--s 00000000 fc:01 5767178                    /usr/share/fonts/X11/Type1/c0582bt_.pfb
7fc956ac2000-7fc956ad3000 r--s 00000000 fc:01 5767918                    /usr/share/fonts/type1/gsfonts/n019024l.pfb
7fc956ad3000-7fc956aed000 r--s 00000000 fc:01 5767894                    /usr/share/fonts/type1/gsfonts/c059013l.pfb
7fc956aed000-7fc956b06000 r--s 00000000 fc:01 5767948                    /usr/share/fonts/type1/gsfonts/n022004l.pfb
7fc956b06000-7fc956b1f000 r--s 00000000 fc:01 5767933                    /usr/share/fonts/type1/gsfonts/n021003l.pfb
7fc956b1f000-7fc956b32000 r--s 00000000 fc:01 5767930                    /usr/share/fonts/type1/gsfonts/n019064l.pfb
7fc956b32000-7fc956b49000 r--s 00000000 fc:01 5767972                    /usr/share/fonts/type1/gsfonts/z003034l.pfb
7fc956b49000-7fc956b5b000 r--s 00000000 fc:01 5767912                    /usr/share/fonts/type1/gsfonts/n019004l.pfb
7fc956b5b000-7fc956b70000 r--s 00000000 fc:01 5767888                    /usr/share/fonts/type1/gsfonts/b018032l.pfb
7fc956b70000-7fc956b80000 r--s 00000000 fc:01 5767876                    /usr/share/fonts/type1/gsfonts/a010033l.pfb
7fc956b80000-7fc956b89000 r--s 00000000 fc:01 5767190                    /usr/share/fonts/X11/Type1/c0649bt_.pfb
7fc956b89000-7fc956ba2000 r--s 00000000 fc:01 5767936                    /usr/share/fonts/type1/gsfonts/n021004l.pfb
7fc956ba2000-7fc956bb4000 r--s 00000000 fc:01 5767921                    /usr/share/fonts/type1/gsfonts/n019043l.pfb
7fc956bb4000-7fc956bc6000 r--s 00000000 fc:01 5767891                    /usr/share/fonts/type1/gsfonts/b018035l.pfb
7fc956bc6000-7fc956bdf000 r--s 00000000 fc:01 5767882                    /usr/share/fonts/type1/gsfonts/b018012l.pfb
7fc956bdf000-7fc956bf7000 r--s 00000000 fc:01 5767900                    /usr/share/fonts/type1/gsfonts/c059033l.pfb
7fc956bf7000-7fc956c00000 r--s 00000000 fc:01 5767186                    /usr/share/fonts/X11/Type1/c0633bt_.pfb
7fc956c00000-7fc956c0a000 r--s 00000000 fc:01 5767182                    /usr/share/fonts/X11/Type1/c0611bt_.pfb
7fc956c0a000-7fc956c1a000 r--s 00000000 fc:01 5767873                    /usr/share/fonts/type1/gsfonts/a010015l.pfb
7fc956c1a000-7fc956c30000 r--s 00000000 fc:01 5767942                    /usr/share/fonts/type1/gsfonts/n021024l.pfb
7fc956c30000-7fc956c41000 r--s 00000000 fc:01 5767879                    /usr/share/fonts/type1/gsfonts/a010035l.pfb
7fc956c41000-7fc956c4b000 r--s 00000000 fc:01 5767176                    /usr/share/fonts/X11/Type1/c0419bt_.pfb
7fc956c4b000-7fc956c54000 r--s 00000000 fc:01 5767188                    /usr/share/fonts/X11/Type1/c0648bt_.pfb
7fc956c54000-7fc956c65000 r--s 00000000 fc:01 5767915                    /usr/share/fonts/type1/gsfonts/n019023l.pfb
7fc956c65000-7fc956c7e000 r--s 00000000 fc:01 5767948                    /usr/share/fonts/type1/gsfonts/n022004l.pfb
7fc956c7e000-7fc956c8f000 r--s 00000000 fc:01 5767918                    /usr/share/fonts/type1/gsfonts/n019024l.pfb
7fc956c8f000-7fc956ca1000 r--s 00000000 fc:01 5767912                    /usr/share/fonts/type1/gsfonts/n019004l.pfb
7fc956ca1000-7fc956cb7000 r--s 00000000 fc:01 5767954                    /usr/share/fonts/type1/gsfonts/n022024l.pfb
7fc956cb7000-7fc956ccd000 r--s 00000000 fc:01 5767951                    /usr/share/fonts/type1/gsfonts/n022023l.pfb
7fc956ccd000-7fc956ce1000 r--s 00000000 fc:01 5767909                    /usr/share/fonts/type1/gsfonts/n019003l.pfb
7fc956ce1000-7fc956cfa000 r--s 00000000 fc:01 5767936                    /usr/share/fonts/type1/gsfonts/n021004l.pfb
7fc956cfa000-7fc956d12000 r--s 00000000 fc:01 5767945                    /usr/share/fonts/type1/gsfonts/n022003l.pfb
7fc956d12000-7fc956d2b000 r--s 00000000 fc:01 5767933                    /usr/share/fonts/type1/gsfonts/n021003l.pfb
7fc956d2b000-7fc956d35000 r--s 00000000 fc:01 5767975                    /usr/share/fonts/type1/mathml/Symbol.pfb
7fc956d35000-7fc956d4b000 r-xp 00000000 fc:01 1572890                    /lib/x86_64-linux-gnu/libgcc_s.so.1
7fc956d4b000-7fc956f4a000 ---p 00016000 fc:01 1572890                    /lib/x86_64-linux-gnu/libgcc_s.so.1
7fc956f4a000-7fc956f4b000 rw-p 00015000 fc:01 1572890                    /lib/x86_64-linux-gnu/libgcc_s.so.1
7fc956f4b000-7fc956fb0000 r-xp 00000000 fc:01 4730013                    /usr/lib/jvm/java-7-oracle/jre/lib/amd64/libfontmanager.so
7fc956fb0000-7fc9571af000 ---p 00065000 fc:01 4730013                    /usr/lib/jvm/java-7-oracle/jre/lib/amd64/libfontmanager.so
7fc9571af000-7fc9571b3000 rw-p 00064000 fc:01 4730013                    /usr/lib/jvm/java-7-oracle/jre/lib/amd64/libfontmanager.so
7fc9571b3000-7fc9571c4000 rw-p 00000000 00:00 0 
7fc9571c4000-7fc9571db000 r-xp 00000000 fc:01 1602667                    /lib/x86_64-linux-gnu/libresolv-2.19.so
7fc9571db000-7fc9573db000 ---p 00017000 fc:01 1602667                    /lib/x86_64-linux-gnu/libresolv-2.19.so
7fc9573db000-7fc9573dc000 r--p 00017000 fc:01 1602667                    /lib/x86_64-linux-gnu/libresolv-2.19.so
7fc9573dc000-7fc9573dd000 rw-p 00018000 fc:01 1602667                    /lib/x86_64-linux-gnu/libresolv-2.19.so
7fc9573dd000-7fc9573df000 rw-p 00000000 00:00 0 
7fc9573df000-7fc9573e4000 r-xp 00000000 fc:01 1602671                    /lib/x86_64-linux-gnu/libnss_dns-2.19.so
7fc9573e4000-7fc9575e3000 ---p 00005000 fc:01 1602671                    /lib/x86_64-linux-gnu/libnss_dns-2.19.so
7fc9575e3000-7fc9575e4000 r--p 00004000 fc:01 1602671                    /lib/x86_64-linux-gnu/libnss_dns-2.19.so
7fc9575e4000-7fc9575e5000 rw-p 00005000 fc:01 1602671                    /lib/x86_64-linux-gnu/libnss_dns-2.19.so
7fc9575e5000-7fc9575e7000 r-xp 00000000 fc:01 1576953                    /lib/x86_64-linux-gnu/libnss_mdns4_minimal.so.2
7fc9575e7000-7fc9577e6000 ---p 00002000 fc:01 1576953                    /lib/x86_64-linux-gnu/libnss_mdns4_minimal.so.2
7fc9577e6000-7fc9577e7000 r--p 00001000 fc:01 1576953                    /lib/x86_64-linux-gnu/libnss_mdns4_minimal.so.2
7fc9577e7000-7fc9577e8000 rw-p 00002000 fc:01 1576953                    /lib/x86_64-linux-gnu/libnss_mdns4_minimal.so.2
7fc9577e8000-7fc9577eb000 ---p 00000000 00:00 0 
7fc9577eb000-7fc9578e9000 rw-p 00000000 00:00 0                          [stack:22093]
7fc9578e9000-7fc9578ec000 ---p 00000000 00:00 0 
7fc9578ec000-7fc9579ea000 rw-p 00000000 00:00 0                          [stack:22087]
7fc9579ea000-7fc9579ef000 r-xp 00000000 fc:01 4726696                    /usr/lib/x86_64-linux-gnu/libXfixes.so.3.1.0
7fc9579ef000-7fc957bee000 ---p 00005000 fc:01 4726696                    /usr/lib/x86_64-linux-gnu/libXfixes.so.3.1.0
7fc957bee000-7fc957bef000 r--p 00004000 fc:01 4726696                    /usr/lib/x86_64-linux-gnu/libXfixes.so.3.1.0
7fc957bef000-7fc957bf0000 rw-p 00005000 fc:01 4726696                    /usr/lib/x86_64-linux-gnu/libXfixes.so.3.1.0
7fc957bf0000-7fc957bf9000 r-xp 00000000 fc:01 4726688                    /usr/lib/x86_64-linux-gnu/libXcursor.so.1.0.2
7fc957bf9000-7fc957df8000 ---p 00009000 fc:01 4726688                    /usr/lib/x86_64-linux-gnu/libXcursor.so.1.0.2
7fc957df8000-7fc957df9000 r--p 00008000 fc:01 4726688                    /usr/lib/x86_64-linux-gnu/libXcursor.so.1.0.2
7fc957df9000-7fc957dfa000 rw-p 00009000 fc:01 4726688                    /usr/lib/x86_64-linux-gnu/libXcursor.so.1.0.2
7fc957dfa000-7fc957dff000 r-xp 00000000 fc:01 4726692                    /usr/lib/x86_64-linux-gnu/libXdmcp.so.6.0.0
7fc957dff000-7fc957ffe000 ---p 00005000 fc:01 4726692                    /usr/lib/x86_64-linux-gnu/libXdmcp.so.6.0.0
7fc957ffe000-7fc957fff000 r--p 00004000 fc:01 4726692                    /usr/lib/x86_64-linux-gnu/libXdmcp.so.6.0.0
7fc957fff000-7fc958000000 rw-p 00005000 fc:01 4726692                    /usr/lib/x86_64-linux-gnu/libXdmcp.so.6.0.0
7fc958000000-7fc958021000 rw-p 00000000 00:00 0 
7fc958021000-7fc95c000000 ---p 00000000 00:00 0 
7fc95c000000-7fc95c021000 rw-p 00000000 00:00 0 
7fc95c021000-7fc960000000 ---p 00000000 00:00 0 
7fc960000000-7fc960021000 rw-p 00000000 00:00 0 
7fc960021000-7fc964000000 ---p 00000000 00:00 0 
7fc964000000-7fc964021000 rw-p 00000000 00:00 0 
7fc964021000-7fc968000000 ---p 00000000 00:00 0 
7fc968000000-7fc968e12000 rw-p 00000000 00:00 0 
7fc968e12000-7fc96c000000 ---p 00000000 00:00 0 
7fc96c000000-7fc96caab000 rw-p 00000000 00:00 0 
7fc96caab000-7fc970000000 ---p 00000000 00:00 0 
7fc970000000-7fc970021000 rw-p 00000000 00:00 0 
7fc970021000-7fc974000000 ---p 00000000 00:00 0 
7fc974000000-7fc974021000 rw-p 00000000 00:00 0 
7fc974021000-7fc978000000 ---p 00000000 00:00 0 
7fc978000000-7fc97824e000 rw-p 00000000 00:00 0 
7fc97824e000-7fc97c000000 ---p 00000000 00:00 0 
7fc97c000000-7fc97c021000 rw-p 00000000 00:00 0 
7fc97c021000-7fc980000000 ---p 00000000 00:00 0 
7fc980000000-7fc980021000 rw-p 00000000 00:00 0 
7fc980021000-7fc984000000 ---p 00000000 00:00 0 
7fc984000000-7fc984021000 rw-p 00000000 00:00 0 
7fc984021000-7fc988000000 ---p 00000000 00:00 0 
7fc988000000-7fc988021000 rw-p 00000000 00:00 0 
7fc988021000-7fc98c000000 ---p 00000000 00:00 0 
7fc98c002000-7fc98c003000 rw-p 00000000 00:00 0 
7fc98c003000-7fc98c01a000 r--s 00000000 fc:01 5767939                    /usr/share/fonts/type1/gsfonts/n021023l.pfb
7fc98c01a000-7fc98c030000 r--s 00000000 fc:01 5767942                    /usr/share/fonts/type1/gsfonts/n021024l.pfb
7fc98c030000-7fc98c031000 r--s 00000000 fc:01 3145823                    /var/cache/fontconfig/c05880de57d1f5e948fdfacc138775d9-le64.cache-4
7fc98c031000-7fc98c03c000 r--s 00000000 fc:01 3145817                    /var/cache/fontconfig/945677eb7aeaf62f1d50efc3fb3ec7d8-le64.cache-4
7fc98c03c000-7fc98c03e000 r--s 00000000 fc:01 3157490                    /var/cache/fontconfig/99e8ed0e538f840c565b6ed5dad60d56-le64.cache-4
7fc98c03e000-7fc98c047000 r--s 00000000 fc:01 3157488                    /var/cache/fontconfig/a6d8cf8e4ec09cdbc8633c31745a07dd-le64.cache-4
7fc98c047000-7fc98c04d000 r--s 00000000 fc:01 3145803                    /var/cache/fontconfig/2cd17615ca594fa2959ae173292e504c-le64.cache-4
7fc98c04d000-7fc98c04e000 r--s 00000000 fc:01 3145833                    /var/cache/fontconfig/e7071f4a29fa870f4323321c154eba04-le64.cache-4
7fc98c04e000-7fc98c04f000 r--s 00000000 fc:01 3145800                    /var/cache/fontconfig/0d8c3b2ac0904cb8a57a757ad11a4a08-le64.cache-4
7fc98c04f000-7fc98c056000 r--s 00000000 fc:01 3145820                    /var/cache/fontconfig/a755afe4a08bf5b97852ceb7400b47bc-le64.cache-4
7fc98c056000-7fc98c06a000 r--s 00000000 fc:01 3145798                    /var/cache/fontconfig/04aabc0a78ac019cf9454389977116d2-le64.cache-4
7fc98c06a000-7fc98c06b000 r--s 00000000 fc:01 3145802                    /var/cache/fontconfig/1ac9eb803944fde146138c791f5cc56a-le64.cache-4
7fc98c06b000-7fc98c06f000 r--s 00000000 fc:01 3145806                    /var/cache/fontconfig/385c0604a188198f04d133e54aba7fe7-le64.cache-4
7fc98c06f000-7fc98c070000 r--s 00000000 fc:01 3145830                    /var/cache/fontconfig/dc05db6664285cc2f12bf69c139ae4c3-le64.cache-4
7fc98c070000-7fc98c072000 r--s 00000000 fc:01 3145814                    /var/cache/fontconfig/767a8244fc0220cfb567a839d0392e0b-le64.cache-4
7fc98c072000-7fc98c073000 r--s 00000000 fc:01 3145808                    /var/cache/fontconfig/4794a0821666d79190d59a36cb4f44b5-le64.cache-4
7fc98c073000-7fc98c078000 r--s 00000000 fc:01 3145816                    /var/cache/fontconfig/8801497958630a81b71ace7c5f9b32a8-le64.cache-4
7fc98c078000-7fc98c0b3000 r--s 00000000 fc:01 3155468                    /var/cache/fontconfig/365b55f210c0a22e9a19e35191240f32-le64.cache-4
7fc98c0b3000-7fc98c0b7000 r--s 00000000 fc:01 3156135                    /var/cache/fontconfig/c57959a16110560c8d0fcea73374aeeb-le64.cache-4
7fc98c0b7000-7fc98c0be000 r--s 00000000 fc:01 3145804                    /var/cache/fontconfig/3047814df9a2f067bd2d96a2b9c36e5a-le64.cache-4
7fc98c0be000-7fc98c0c4000 r--s 00000000 fc:01 3145821                    /var/cache/fontconfig/b47c4e1ecd0709278f4910c18777a504-le64.cache-4
7fc98c0c4000-7fc98c0d7000 r--s 00000000 fc:01 3145827                    /var/cache/fontconfig/d52a8644073d54c13679302ca1180695-le64.cache-4
7fc98c0d7000-7fc98c0e2000 r--s 00000000 fc:01 3158253                    /var/cache/fontconfig/d589a48862398ed80a3d6066f4f56f4c-le64.cache-4
7fc98c0e2000-7fc98c0ef000 r--s 00000000 fc:01 3146975                    /var/cache/fontconfig/e13b20fdb08344e0e664864cc2ede53d-le64.cache-4
7fc98c0ef000-7fc98c0f2000 ---p 00000000 00:00 0 
7fc98c0f2000-7fc98c1f0000 rw-p 00000000 00:00 0                          [stack:22086]
7fc98c1f0000-7fc98c1f2000 r-xp 00000000 fc:01 4726681                    /usr/lib/x86_64-linux-gnu/libXau.so.6.0.0
7fc98c1f2000-7fc98c3f2000 ---p 00002000 fc:01 4726681                    /usr/lib/x86_64-linux-gnu/libXau.so.6.0.0
7fc98c3f2000-7fc98c3f3000 r--p 00002000 fc:01 4726681                    /usr/lib/x86_64-linux-gnu/libXau.so.6.0.0
7fc98c3f3000-7fc98c3f4000 rw-p 00003000 fc:01 4726681                    /usr/lib/x86_64-linux-gnu/libXau.so.6.0.0
7fc98c3f4000-7fc98c411000 r-xp 00000000 fc:01 4727751                    /usr/lib/x86_64-linux-gnu/libxcb.so.1.1.0
7fc98c411000-7fc98c611000 ---p 0001d000 fc:01 4727751                    /usr/lib/x86_64-linux-gnu/libxcb.so.1.1.0
7fc98c611000-7fc98c612000 r--p 0001d000 fc:01 4727751                    /usr/lib/x86_64-linux-gnu/libxcb.so.1.1.0
7fc98c612000-7fc98c613000 rw-p 0001e000 fc:01 4727751                    /usr/lib/x86_64-linux-gnu/libxcb.so.1.1.0
7fc98c613000-7fc98c622000 r-xp 00000000 fc:01 4726702                    /usr/lib/x86_64-linux-gnu/libXi.so.6.1.0
7fc98c622000-7fc98c821000 ---p 0000f000 fc:01 4726702                    /usr/lib/x86_64-linux-gnu/libXi.so.6.1.0
7fc98c821000-7fc98c822000 r--p 0000e000 fc:01 4726702                    /usr/lib/x86_64-linux-gnu/libXi.so.6.1.0
7fc98c822000-7fc98c823000 rw-p 0000f000 fc:01 4726702                    /usr/lib/x86_64-linux-gnu/libXi.so.6.1.0
7fc98c823000-7fc98c828000 r-xp 00000000 fc:01 4726722                    /usr/lib/x86_64-linux-gnu/libXtst.so.6.1.0
7fc98c828000-7fc98ca27000 ---p 00005000 fc:01 4726722                    /usr/lib/x86_64-linux-gnu/libXtst.so.6.1.0
7fc98ca27000-7fc98ca28000 r--p 00004000 fc:01 4726722                    /usr/lib/x86_64-linux-gnu/libXtst.so.6.1.0
7fc98ca28000-7fc98ca29000 rw-p 00005000 fc:01 4726722                    /usr/lib/x86_64-linux-gnu/libXtst.so.6.1.0
7fc98ca29000-7fc98ca32000 r-xp 00000000 fc:01 4726716                    /usr/lib/x86_64-linux-gnu/libXrender.so.1.3.0
7fc98ca32000-7fc98cc31000 ---p 00009000 fc:01 4726716                    /usr/lib/x86_64-linux-gnu/libXrender.so.1.3.0
7fc98cc31000-7fc98cc32000 r--p 00008000 fc:01 4726716                    /usr/lib/x86_64-linux-gnu/libXrender.so.1.3.0
7fc98cc32000-7fc98cc33000 rw-p 00009000 fc:01 4726716                    /usr/lib/x86_64-linux-gnu/libXrender.so.1.3.0
7fc98cc33000-7fc98cd63000 r-xp 00000000 fc:01 4726677                    /usr/lib/x86_64-linux-gnu/libX11.so.6.3.0
7fc98cd63000-7fc98cf63000 ---p 00130000 fc:01 4726677                    /usr/lib/x86_64-linux-gnu/libX11.so.6.3.0
7fc98cf63000-7fc98cf64000 r--p 00130000 fc:01 4726677                    /usr/lib/x86_64-linux-gnu/libX11.so.6.3.0
7fc98cf64000-7fc98cf68000 rw-p 00131000 fc:01 4726677                    /usr/lib/x86_64-linux-gnu/libX11.so.6.3.0
7fc98cf68000-7fc98cf79000 r-xp 00000000 fc:01 4726694                    /usr/lib/x86_64-linux-gnu/libXext.so.6.4.0
7fc98cf79000-7fc98d178000 ---p 00011000 fc:01 4726694                    /usr/lib/x86_64-linux-gnu/libXext.so.6.4.0
7fc98d178000-7fc98d179000 r--p 00010000 fc:01 4726694                    /usr/lib/x86_64-linux-gnu/libXext.so.6.4.0
7fc98d179000-7fc98d17a000 rw-p 00011000 fc:01 4726694                    /usr/lib/x86_64-linux-gnu/libXext.so.6.4.0
7fc98d17a000-7fc98d1ca000 r-xp 00000000 fc:01 4730012                    /usr/lib/jvm/java-7-oracle/jre/lib/amd64/xawt/libmawt.so
7fc98d1ca000-7fc98d3ca000 ---p 00050000 fc:01 4730012                    /usr/lib/jvm/java-7-oracle/jre/lib/amd64/xawt/libmawt.so
7fc98d3ca000-7fc98d3ce000 rw-p 00050000 fc:01 4730012                    /usr/lib/jvm/java-7-oracle/jre/lib/amd64/xawt/libmawt.so
7fc98d3ce000-7fc98d3cf000 rw-p 00000000 00:00 0 
7fc98d3cf000-7fc98d471000 r-xp 00000000 fc:01 4729999                    /usr/lib/jvm/java-7-oracle/jre/lib/amd64/libawt.so
7fc98d471000-7fc98d671000 ---p 000a2000 fc:01 4729999                    /usr/lib/jvm/java-7-oracle/jre/lib/amd64/libawt.so
7fc98d671000-7fc98d67d000 rw-p 000a2000 fc:01 4729999                    /usr/lib/jvm/java-7-oracle/jre/lib/amd64/libawt.so
7fc98d67d000-7fc98d6a1000 rw-p 00000000 00:00 0 
7fc98d6a1000-7fc98d6a4000 ---p 00000000 00:00 0 
7fc98d6a4000-7fc98d7a2000 rw-p 00000000 00:00 0                          [stack:22085]
7fc98d7a2000-7fc98d7a5000 ---p 00000000 00:00 0 
7fc98d7a5000-7fc98d8a3000 rw-p 00000000 00:00 0                          [stack:22084]
7fc98d8a3000-7fc98d8b9000 r-xp 00000000 fc:01 4730025                    /usr/lib/jvm/java-7-oracle/jre/lib/amd64/libnet.so
7fc98d8b9000-7fc98dab9000 ---p 00016000 fc:01 4730025                    /usr/lib/jvm/java-7-oracle/jre/lib/amd64/libnet.so
7fc98dab9000-7fc98daba000 rw-p 00016000 fc:01 4730025                    /usr/lib/jvm/java-7-oracle/jre/lib/amd64/libnet.so
7fc98daba000-7fc98daca000 r-xp 00000000 fc:01 4730000                    /usr/lib/jvm/java-7-oracle/jre/lib/amd64/libnio.so
7fc98daca000-7fc98dcca000 ---p 00010000 fc:01 4730000                    /usr/lib/jvm/java-7-oracle/jre/lib/amd64/libnio.so
7fc98dcca000-7fc98dccb000 rw-p 00010000 fc:01 4730000                    /usr/lib/jvm/java-7-oracle/jre/lib/amd64/libnio.so
7fc98dccb000-7fc98dd4e000 r--s 0092b000 fc:01 8457717                    /home/samely/josm/core/dist/josm-custom.jar
7fc98dd4e000-7fc98dd4f000 ---p 00000000 00:00 0 
7fc98dd4f000-7fc98de4f000 rw-p 00000000 00:00 0                          [stack:22083]
7fc98de4f000-7fc98de52000 ---p 00000000 00:00 0 
7fc98de52000-7fc990000000 rw-p 00000000 00:00 0                          [stack:22082]
7fc990000000-7fc990021000 rw-p 00000000 00:00 0 
7fc990021000-7fc994000000 ---p 00000000 00:00 0 
7fc994000000-7fc994001000 r--s 00000000 fc:01 3145810                    /var/cache/fontconfig/56cf4f4769d0f4abc89a4895d7bd3ae1-le64.cache-4
7fc994001000-7fc99400a000 r--s 00000000 fc:01 3157481                    /var/cache/fontconfig/52f7bdb7ce746bfd7eaa1985bd9cfa93-le64.cache-4
7fc99400a000-7fc994015000 r--s 0037c000 fc:01 4730056                    /usr/lib/jvm/java-7-oracle/jre/lib/charsets.jar
7fc994015000-7fc994018000 ---p 00000000 00:00 0 
7fc994018000-7fc994116000 rw-p 00000000 00:00 0                          [stack:22081]
7fc994116000-7fc994119000 ---p 00000000 00:00 0 
7fc994119000-7fc994217000 rw-p 00000000 00:00 0                          [stack:22080]
7fc994217000-7fc99421a000 ---p 00000000 00:00 0 
7fc99421a000-7fc994318000 rw-p 00000000 00:00 0                          [stack:22079]
7fc994318000-7fc9949fa000 r--p 00000000 fc:01 4725670                    /usr/lib/locale/locale-archive
7fc9949fa000-7fc9949fd000 ---p 00000000 00:00 0 
7fc9949fd000-7fc994afb000 rw-p 00000000 00:00 0                          [stack:22078]
7fc994afb000-7fc994afe000 ---p 00000000 00:00 0 
7fc994afe000-7fc994bfc000 rw-p 00000000 00:00 0                          [stack:22077]
7fc994bfc000-7fc994bfd000 ---p 00000000 00:00 0 
7fc994bfd000-7fc995000000 rw-p 00000000 00:00 0                          [stack:22076]
7fc995000000-7fc995270000 rwxp 00000000 00:00 0 
7fc995270000-7fc99868e000 rw-p 00000000 00:00 0 
7fc99868e000-7fc99c000000 ---p 00000000 00:00 0 
7fc99c000000-7fc99c009000 r--s 00000000 fc:01 3145807                    /var/cache/fontconfig/3f7329c5293ffd510edef78f73874cfd-le64.cache-4
7fc99c009000-7fc99c00c000 ---p 00000000 00:00 0 
7fc99c00c000-7fc99cc4e000 rw-p 00000000 00:00 0                          [stack:22089]
7fc99cc4e000-7fc99ce0d000 r--s 039f0000 fc:01 4725643                    /usr/lib/jvm/java-7-oracle/jre/lib/rt.jar
7fc99ce0d000-7fc99d018000 rw-p 00000000 00:00 0 
7fc99d018000-7fc99d019000 ---p 00000000 00:00 0 
7fc99d019000-7fc99d119000 rw-p 00000000 00:00 0                          [stack:22075]
7fc99d119000-7fc99d11a000 ---p 00000000 00:00 0 
7fc99d11a000-7fc99d21a000 rw-p 00000000 00:00 0                          [stack:22074]
7fc99d21a000-7fc99d21b000 ---p 00000000 00:00 0 
7fc99d21b000-7fc99d31b000 rw-p 00000000 00:00 0                          [stack:22073]
7fc99d31b000-7fc99d31c000 ---p 00000000 00:00 0 
7fc99d31c000-7fc99d429000 rw-p 00000000 00:00 0                          [stack:22072]
7fc99d429000-7fc99d445000 rw-p 00000000 00:00 0 
7fc99d445000-7fc99d459000 rw-p 00000000 00:00 0 
7fc99d459000-7fc99d587000 rw-p 00000000 00:00 0 
7fc99d587000-7fc99d594000 rw-p 00000000 00:00 0 
7fc99d594000-7fc99d5b0000 rw-p 00000000 00:00 0 
7fc99d5b0000-7fc99d5c4000 rw-p 00000000 00:00 0 
7fc99d5c4000-7fc99d6f1000 rw-p 00000000 00:00 0 
7fc99d6f1000-7fc99d73b000 rw-p 00000000 00:00 0 
7fc99d73b000-7fc99d792000 rw-p 00000000 00:00 0 
7fc99d792000-7fc99d793000 rw-p 00000000 00:00 0 
7fc99d793000-7fc99d7ad000 r-xp 00000000 fc:01 4730037                    /usr/lib/jvm/java-7-oracle/jre/lib/amd64/libzip.so
7fc99d7ad000-7fc99d9ad000 ---p 0001a000 fc:01 4730037                    /usr/lib/jvm/java-7-oracle/jre/lib/amd64/libzip.so
7fc99d9ad000-7fc99d9ae000 rw-p 0001a000 fc:01 4730037                    /usr/lib/jvm/java-7-oracle/jre/lib/amd64/libzip.so
7fc99d9ae000-7fc99d9b9000 r-xp 00000000 fc:01 1602669                    /lib/x86_64-linux-gnu/libnss_files-2.19.so
7fc99d9b9000-7fc99dbb8000 ---p 0000b000 fc:01 1602669                    /lib/x86_64-linux-gnu/libnss_files-2.19.so
7fc99dbb8000-7fc99dbb9000 r--p 0000a000 fc:01 1602669                    /lib/x86_64-linux-gnu/libnss_files-2.19.so
7fc99dbb9000-7fc99dbba000 rw-p 0000b000 fc:01 1602669                    /lib/x86_64-linux-gnu/libnss_files-2.19.so
7fc99dbba000-7fc99dbc5000 r-xp 00000000 fc:01 1602689                    /lib/x86_64-linux-gnu/libnss_nis-2.19.so
7fc99dbc5000-7fc99ddc4000 ---p 0000b000 fc:01 1602689                    /lib/x86_64-linux-gnu/libnss_nis-2.19.so
7fc99ddc4000-7fc99ddc5000 r--p 0000a000 fc:01 1602689                    /lib/x86_64-linux-gnu/libnss_nis-2.19.so
7fc99ddc5000-7fc99ddc6000 rw-p 0000b000 fc:01 1602689                    /lib/x86_64-linux-gnu/libnss_nis-2.19.so
7fc99ddc6000-7fc99dddd000 r-xp 00000000 fc:01 1602678                    /lib/x86_64-linux-gnu/libnsl-2.19.so
7fc99dddd000-7fc99dfdc000 ---p 00017000 fc:01 1602678                    /lib/x86_64-linux-gnu/libnsl-2.19.so
7fc99dfdc000-7fc99dfdd000 r--p 00016000 fc:01 1602678                    /lib/x86_64-linux-gnu/libnsl-2.19.so
7fc99dfdd000-7fc99dfde000 rw-p 00017000 fc:01 1602678                    /lib/x86_64-linux-gnu/libnsl-2.19.so
7fc99dfde000-7fc99dfe0000 rw-p 00000000 00:00 0 
7fc99dfe0000-7fc99dfe9000 r-xp 00000000 fc:01 1602677                    /lib/x86_64-linux-gnu/libnss_compat-2.19.so
7fc99dfe9000-7fc99e1e8000 ---p 00009000 fc:01 1602677                    /lib/x86_64-linux-gnu/libnss_compat-2.19.so
7fc99e1e8000-7fc99e1e9000 r--p 00008000 fc:01 1602677                    /lib/x86_64-linux-gnu/libnss_compat-2.19.so
7fc99e1e9000-7fc99e1ea000 rw-p 00009000 fc:01 1602677                    /lib/x86_64-linux-gnu/libnss_compat-2.19.so
7fc99e1ea000-7fc99e213000 r-xp 00000000 fc:01 4730050                    /usr/lib/jvm/java-7-oracle/jre/lib/amd64/libjava.so
7fc99e213000-7fc99e413000 ---p 00029000 fc:01 4730050                    /usr/lib/jvm/java-7-oracle/jre/lib/amd64/libjava.so
7fc99e413000-7fc99e415000 rw-p 00029000 fc:01 4730050                    /usr/lib/jvm/java-7-oracle/jre/lib/amd64/libjava.so
7fc99e415000-7fc99e422000 r-xp 00000000 fc:01 4730009                    /usr/lib/jvm/java-7-oracle/jre/lib/amd64/libverify.so
7fc99e422000-7fc99e621000 ---p 0000d000 fc:01 4730009                    /usr/lib/jvm/java-7-oracle/jre/lib/amd64/libverify.so
7fc99e621000-7fc99e623000 rw-p 0000c000 fc:01 4730009                    /usr/lib/jvm/java-7-oracle/jre/lib/amd64/libverify.so
7fc99e623000-7fc99e62a000 r-xp 00000000 fc:01 1602686                    /lib/x86_64-linux-gnu/librt-2.19.so
7fc99e62a000-7fc99e829000 ---p 00007000 fc:01 1602686                    /lib/x86_64-linux-gnu/librt-2.19.so
7fc99e829000-7fc99e82a000 r--p 00006000 fc:01 1602686                    /lib/x86_64-linux-gnu/librt-2.19.so
7fc99e82a000-7fc99e82b000 rw-p 00007000 fc:01 1602686                    /lib/x86_64-linux-gnu/librt-2.19.so
7fc99e82b000-7fc99e930000 r-xp 00000000 fc:01 1602668                    /lib/x86_64-linux-gnu/libm-2.19.so
7fc99e930000-7fc99eb2f000 ---p 00105000 fc:01 1602668                    /lib/x86_64-linux-gnu/libm-2.19.so
7fc99eb2f000-7fc99eb30000 r--p 00104000 fc:01 1602668                    /lib/x86_64-linux-gnu/libm-2.19.so
7fc99eb30000-7fc99eb31000 rw-p 00105000 fc:01 1602668                    /lib/x86_64-linux-gnu/libm-2.19.so
7fc99eb31000-7fc99f6a6000 r-xp 00000000 fc:01 4730029                    /usr/lib/jvm/java-7-oracle/jre/lib/amd64/server/libjvm.so
7fc99f6a6000-7fc99f8a6000 ---p 00b75000 fc:01 4730029                    /usr/lib/jvm/java-7-oracle/jre/lib/amd64/server/libjvm.so
7fc99f8a6000-7fc99f96a000 rw-p 00b75000 fc:01 4730029                    /usr/lib/jvm/java-7-oracle/jre/lib/amd64/server/libjvm.so
7fc99f96a000-7fc99f9ab000 rw-p 00000000 00:00 0 
7fc99f9ab000-7fc99fb66000 r-xp 00000000 fc:01 1602683                    /lib/x86_64-linux-gnu/libc-2.19.so
7fc99fb66000-7fc99fd65000 ---p 001bb000 fc:01 1602683                    /lib/x86_64-linux-gnu/libc-2.19.so
7fc99fd65000-7fc99fd69000 r--p 001ba000 fc:01 1602683                    /lib/x86_64-linux-gnu/libc-2.19.so
7fc99fd69000-7fc99fd6b000 rw-p 001be000 fc:01 1602683                    /lib/x86_64-linux-gnu/libc-2.19.so
7fc99fd6b000-7fc99fd70000 rw-p 00000000 00:00 0 
7fc99fd70000-7fc99fd73000 r-xp 00000000 fc:01 1602672                    /lib/x86_64-linux-gnu/libdl-2.19.so
7fc99fd73000-7fc99ff72000 ---p 00003000 fc:01 1602672                    /lib/x86_64-linux-gnu/libdl-2.19.so
7fc99ff72000-7fc99ff73000 r--p 00002000 fc:01 1602672                    /lib/x86_64-linux-gnu/libdl-2.19.so
7fc99ff73000-7fc99ff74000 rw-p 00003000 fc:01 1602672                    /lib/x86_64-linux-gnu/libdl-2.19.so
7fc99ff74000-7fc99ff8a000 r-xp 00000000 fc:01 4730004                    /usr/lib/jvm/java-7-oracle/jre/lib/amd64/jli/libjli.so
7fc99ff8a000-7fc9a018a000 ---p 00016000 fc:01 4730004                    /usr/lib/jvm/java-7-oracle/jre/lib/amd64/jli/libjli.so
7fc9a018a000-7fc9a018b000 rw-p 00016000 fc:01 4730004                    /usr/lib/jvm/java-7-oracle/jre/lib/amd64/jli/libjli.so
7fc9a018b000-7fc9a01a4000 r-xp 00000000 fc:01 1602684                    /lib/x86_64-linux-gnu/libpthread-2.19.so
7fc9a01a4000-7fc9a03a3000 ---p 00019000 fc:01 1602684                    /lib/x86_64-linux-gnu/libpthread-2.19.so
7fc9a03a3000-7fc9a03a4000 r--p 00018000 fc:01 1602684                    /lib/x86_64-linux-gnu/libpthread-2.19.so
7fc9a03a4000-7fc9a03a5000 rw-p 00019000 fc:01 1602684                    /lib/x86_64-linux-gnu/libpthread-2.19.so
7fc9a03a5000-7fc9a03a9000 rw-p 00000000 00:00 0 
7fc9a03a9000-7fc9a03cc000 r-xp 00000000 fc:01 1602680                    /lib/x86_64-linux-gnu/ld-2.19.so
7fc9a03cc000-7fc9a03cd000 r--s 00000000 fc:01 3145822                    /var/cache/fontconfig/b9d506c9ac06c20b433354fa67a72993-le64.cache-4
7fc9a03cd000-7fc9a03d1000 r--s 00000000 fc:01 3157962                    /var/cache/fontconfig/7ef2298fde41cc6eeb7af42e48b7d293-le64.cache-4
7fc9a03d1000-7fc9a03d3000 r--s 00001000 fc:01 4725648                    /usr/lib/jvm/java-7-oracle/jre/lib/ext/dnsns.jar
7fc9a03d3000-7fc9a03dd000 r--s 00251000 fc:01 4725578                    /usr/lib/jvm/java-7-oracle/jre/lib/resources.jar
7fc9a03dd000-7fc9a03e0000 r--s 00019000 fc:01 4729989                    /usr/lib/jvm/java-7-oracle/jre/lib/jce.jar
7fc9a03e0000-7fc9a03e4000 r--s 0008b000 fc:01 4730054                    /usr/lib/jvm/java-7-oracle/jre/lib/jsse.jar
7fc9a03e4000-7fc9a03ee000 rw-p 00000000 00:00 0 
7fc9a03ee000-7fc9a04a4000 rw-p 00000000 00:00 0 
7fc9a04a4000-7fc9a04a7000 ---p 00000000 00:00 0 
7fc9a04a7000-7fc9a05a9000 rw-p 00000000 00:00 0                          [stack:22071]
7fc9a05a9000-7fc9a05aa000 r--s 00000000 fc:01 3145799                    /var/cache/fontconfig/0c9eb80ebd1c36541ebe2852d3bb0c49-le64.cache-4
7fc9a05aa000-7fc9a05bf000 rw-p 00000000 00:00 0 
7fc9a05bf000-7fc9a05c7000 rw-s 00000000 fc:01 3114106                    /tmp/hsperfdata_samely/22067
7fc9a05c7000-7fc9a05c8000 rw-p 00000000 00:00 0 
7fc9a05c8000-7fc9a05c9000 ---p 00000000 00:00 0 
7fc9a05c9000-7fc9a05cb000 rw-p 00000000 00:00 0 
7fc9a05cb000-7fc9a05cc000 r--p 00022000 fc:01 1602680                    /lib/x86_64-linux-gnu/ld-2.19.so
7fc9a05cc000-7fc9a05cd000 rw-p 00023000 fc:01 1602680                    /lib/x86_64-linux-gnu/ld-2.19.so
7fc9a05cd000-7fc9a05ce000 rw-p 00000000 00:00 0 
7fff9a66e000-7fff9a68f000 rw-p 00000000 00:00 0                          [stack]
7fff9a7fe000-7fff9a800000 r-xp 00000000 00:00 0                          [vdso]
ffffffffff600000-ffffffffff601000 r-xp 00000000 00:00 0                  [vsyscall]

VM Arguments:
java_command: /home/samely/josm/core/dist/josm-custom.jar
Launcher Type: SUN_STANDARD

Environment Variables:
PATH=/usr/local/sbin:/usr/local/bin:/usr/sbin:/usr/bin:/sbin:/bin:/usr/games:/usr/local/games
LD_LIBRARY_PATH=/usr/lib/jvm/java-7-oracle/jre/lib/amd64:/usr/lib/jvm/java-7-oracle/jre/lib/i386:
SHELL=/bin/bash
DISPLAY=:0

Signal Handlers:
SIGSEGV: [libjvm.so+0x9a3bd0], sa_mask[0]=0x7ffbfeff, sa_flags=0x10000004
SIGBUS: [libjvm.so+0x9a3bd0], sa_mask[0]=0x7ffbfeff, sa_flags=0x10000004
SIGFPE: [libjvm.so+0x81cb60], sa_mask[0]=0x7ffbfeff, sa_flags=0x10000004
SIGPIPE: [libjvm.so+0x81cb60], sa_mask[0]=0x7ffbfeff, sa_flags=0x10000004
SIGXFSZ: [libjvm.so+0x81cb60], sa_mask[0]=0x7ffbfeff, sa_flags=0x10000004
SIGILL: [libjvm.so+0x81cb60], sa_mask[0]=0x7ffbfeff, sa_flags=0x10000004
SIGUSR1: SIG_DFL, sa_mask[0]=0x00000000, sa_flags=0x00000000
SIGUSR2: [libjvm.so+0x81e360], sa_mask[0]=0x00000004, sa_flags=0x10000004
SIGHUP: [libjvm.so+0x81f480], sa_mask[0]=0x7ffbfeff, sa_flags=0x10000004
SIGINT: SIG_IGN, sa_mask[0]=0x00000000, sa_flags=0x00000000
SIGTERM: [libjvm.so+0x81f480], sa_mask[0]=0x7ffbfeff, sa_flags=0x10000004
SIGQUIT: [libjvm.so+0x81f480], sa_mask[0]=0x7ffbfeff, sa_flags=0x10000004


---------------  S Y S T E M  ---------------

OS:jessie/sid

uname:Linux 3.13.0-45-generic #74-Ubuntu SMP Tue Jan 13 19:36:28 UTC 2015 x86_64
libc:glibc 2.19 NPTL 2.19 
rlimit: STACK 8192k, CORE 0k, NPROC 29935, NOFILE 4096, AS infinity
load average:2,20 1,12 0,86

/proc/meminfo:
MemTotal:        3941256 kB
MemFree:           84740 kB
Buffers:            3140 kB
Cached:           553916 kB
SwapCached:        28680 kB
Active:          2884756 kB
Inactive:         771240 kB
Active(anon):    2878984 kB
Inactive(anon):   724860 kB
Active(file):       5772 kB
Inactive(file):    46380 kB
Unevictable:          96 kB
Mlocked:              96 kB
SwapTotal:       4083708 kB
SwapFree:              0 kB
Dirty:                 0 kB
Writeback:           220 kB
AnonPages:       3074404 kB
Mapped:           142316 kB
Shmem:            503832 kB
Slab:              74956 kB
SReclaimable:      28100 kB
SUnreclaim:        46856 kB
KernelStack:        8880 kB
PageTables:        63372 kB
NFS_Unstable:          0 kB
Bounce:                0 kB
WritebackTmp:          0 kB
CommitLimit:     6054336 kB
Committed_AS:   14284768 kB
VmallocTotal:   34359738367 kB
VmallocUsed:      351128 kB
VmallocChunk:   34359377216 kB
HardwareCorrupted:     0 kB
AnonHugePages:    139264 kB
HugePages_Total:       0
HugePages_Free:        0
HugePages_Rsvd:        0
HugePages_Surp:        0
Hugepagesize:       2048 kB
DirectMap4k:       74104 kB
DirectMap2M:     1916928 kB
DirectMap1G:     2097152 kB


CPU:total 4 (2 cores per cpu, 2 threads per core) family 6 model 69 stepping 1, cmov, cx8, fxsr, mmx, sse, sse2, sse3, ssse3, sse4.1, sse4.2, popcnt, avx, avx2, aes, erms, ht, tsc, tscinvbit

/proc/cpuinfo:
processor	: 0
vendor_id	: GenuineIntel
cpu family	: 6
model		: 69
model name	: Intel(R) Core(TM) i5-4210U CPU @ 1.70GHz
stepping	: 1
microcode	: 0x17
cpu MHz		: 1700.000
cache size	: 3072 KB
physical id	: 0
siblings	: 4
core id		: 0
cpu cores	: 2
apicid		: 0
initial apicid	: 0
fpu		: yes
fpu_exception	: yes
cpuid level	: 13
wp		: yes
flags		: fpu vme de pse tsc msr pae mce cx8 apic sep mtrr pge mca cmov pat pse36 clflush dts acpi mmx fxsr sse sse2 ss ht tm pbe syscall nx pdpe1gb rdtscp lm constant_tsc arch_perfmon pebs bts rep_good nopl xtopology nonstop_tsc aperfmperf eagerfpu pni pclmulqdq dtes64 monitor ds_cpl vmx est tm2 ssse3 fma cx16 xtpr pdcm pcid sse4_1 sse4_2 movbe popcnt tsc_deadline_timer aes xsave avx f16c rdrand lahf_lm abm ida arat epb xsaveopt pln pts dtherm tpr_shadow vnmi flexpriority ept vpid fsgsbase tsc_adjust bmi1 avx2 smep bmi2 erms invpcid
bogomips	: 4788.70
clflush size	: 64
cache_alignment	: 64
address sizes	: 39 bits physical, 48 bits virtual
power management:

processor	: 1
vendor_id	: GenuineIntel
cpu family	: 6
model		: 69
model name	: Intel(R) Core(TM) i5-4210U CPU @ 1.70GHz
stepping	: 1
microcode	: 0x17
cpu MHz		: 1700.000
cache size	: 3072 KB
physical id	: 0
siblings	: 4
core id		: 0
cpu cores	: 2
apicid		: 1
initial apicid	: 1
fpu		: yes
fpu_exception	: yes
cpuid level	: 13
wp		: yes
flags		: fpu vme de pse tsc msr pae mce cx8 apic sep mtrr pge mca cmov pat pse36 clflush dts acpi mmx fxsr sse sse2 ss ht tm pbe syscall nx pdpe1gb rdtscp lm constant_tsc arch_perfmon pebs bts rep_good nopl xtopology nonstop_tsc aperfmperf eagerfpu pni pclmulqdq dtes64 monitor ds_cpl vmx est tm2 ssse3 fma cx16 xtpr pdcm pcid sse4_1 sse4_2 movbe popcnt tsc_deadline_timer aes xsave avx f16c rdrand lahf_lm abm ida arat epb xsaveopt pln pts dtherm tpr_shadow vnmi flexpriority ept vpid fsgsbase tsc_adjust bmi1 avx2 smep bmi2 erms invpcid
bogomips	: 4788.70
clflush size	: 64
cache_alignment	: 64
address sizes	: 39 bits physical, 48 bits virtual
power management:

processor	: 2
vendor_id	: GenuineIntel
cpu family	: 6
model		: 69
model name	: Intel(R) Core(TM) i5-4210U CPU @ 1.70GHz
stepping	: 1
microcode	: 0x17
cpu MHz		: 1700.000
cache size	: 3072 KB
physical id	: 0
siblings	: 4
core id		: 1
cpu cores	: 2
apicid		: 2
initial apicid	: 2
fpu		: yes
fpu_exception	: yes
cpuid level	: 13
wp		: yes
flags		: fpu vme de pse tsc msr pae mce cx8 apic sep mtrr pge mca cmov pat pse36 clflush dts acpi mmx fxsr sse sse2 ss ht tm pbe syscall nx pdpe1gb rdtscp lm constant_tsc arch_perfmon pebs bts rep_good nopl xtopology nonstop_tsc aperfmperf eagerfpu pni pclmulqdq dtes64 monitor ds_cpl vmx est tm2 ssse3 fma cx16 xtpr pdcm pcid sse4_1 sse4_2 movbe popcnt tsc_deadline_timer aes xsave avx f16c rdrand lahf_lm abm ida arat epb xsaveopt pln pts dtherm tpr_shadow vnmi flexpriority ept vpid fsgsbase tsc_adjust bmi1 avx2 smep bmi2 erms invpcid
bogomips	: 4788.70
clflush size	: 64
cache_alignment	: 64
address sizes	: 39 bits physical, 48 bits virtual
power management:

processor	: 3
vendor_id	: GenuineIntel
cpu family	: 6
model		: 69
model name	: Intel(R) Core(TM) i5-4210U CPU @ 1.70GHz
stepping	: 1
microcode	: 0x17
cpu MHz		: 1700.000
cache size	: 3072 KB
physical id	: 0
siblings	: 4
core id		: 1
cpu cores	: 2
apicid		: 3
initial apicid	: 3
fpu		: yes
fpu_exception	: yes
cpuid level	: 13
wp		: yes
flags		: fpu vme de pse tsc msr pae mce cx8 apic sep mtrr pge mca cmov pat pse36 clflush dts acpi mmx fxsr sse sse2 ss ht tm pbe syscall nx pdpe1gb rdtscp lm constant_tsc arch_perfmon pebs bts rep_good nopl xtopology nonstop_tsc aperfmperf eagerfpu pni pclmulqdq dtes64 monitor ds_cpl vmx est tm2 ssse3 fma cx16 xtpr pdcm pcid sse4_1 sse4_2 movbe popcnt tsc_deadline_timer aes xsave avx f16c rdrand lahf_lm abm ida arat epb xsaveopt pln pts dtherm tpr_shadow vnmi flexpriority ept vpid fsgsbase tsc_adjust bmi1 avx2 smep bmi2 erms invpcid
bogomips	: 4788.70
clflush size	: 64
cache_alignment	: 64
address sizes	: 39 bits physical, 48 bits virtual
power management:



Memory: 4k page, physical 3941256k(84344k free), swap 4083708k(0k free)

vm_info: Java HotSpot(TM) 64-Bit Server VM (24.76-b04) for linux-amd64 JRE (1.7.0_76-b13), built on Dec 18 2014 16:58:39 by "java_re" with gcc 4.3.0 20080428 (Red Hat 4.3.0-8)

time: Mon Aug 31 14:19:48 2015
elapsed time: 10 seconds

